<?xml version="1.0" encoding="UTF-8"?>
<!-- Generated by org.testng.reporters.JUnitReportReporter -->
<testsuite hostname="Tyss-1F-06" failures="0" tests="1" name="test.JDSearchTest" time="72.800" errors="0" timestamp="28 Jan 2020 16:15:17 GMT" skipped="0">
  <testcase classname="test.JDSearchTest" name="searchTest" time="72.800"/>
</testsuite> <!-- test.JDSearchTest -->
