<?xml version="1.0" encoding="UTF-8"?>
<!-- Generated by org.testng.reporters.JUnitReportReporter -->
<testsuite hostname="Tyss-1F-06" failures="0" tests="1" name="com.tests.Test1" time="20.612" errors="0" timestamp="27 Jan 2020 11:40:06 GMT" skipped="0">
  <testcase classname="com.tests.Test1" name="test1" time="20.612"/>
</testsuite> <!-- com.tests.Test1 -->
